<?xml version="1.0" encoding="UTF-8"?>
<!-- Generated by org.testng.reporters.JUnitReportReporter -->
<testsuite hostname="mtonet1" name="testset1.loginTests" tests="1" failures="0" timestamp="4 Oct 2018 08:55:41 GMT" time="13.220" errors="0">
  <testcase name="testEasy" time="13.220" classname="testset1.loginTests"/>
</testsuite> <!-- testset1.loginTests -->
